<?xml version="1.0" encoding="UTF-8"?>
<!-- Generated by org.testng.reporters.JUnitReportReporter -->
<testsuite hostname="HAMEED" failures="0" tests="1" name="testCaseBestBuy.TC_09_CheckOutPageFilling" time="45.587" errors="0" timestamp="2023-08-05T12:32:23 IST" skipped="0">
  <testcase classname="testCaseBestBuy.TC_09_CheckOutPageFilling" name="tc_09_CheckOutPageFilling" time="45.587"/>
</testsuite> <!-- testCaseBestBuy.TC_09_CheckOutPageFilling -->
