<?xml version="1.0" encoding="UTF-8"?>
<!-- Generated by org.testng.reporters.JUnitReportReporter -->
<testsuite hostname="HAMEED" failures="0" tests="1" name="testCaseBestBuy.TC_05_ValidateLinkInBottomOfHomePage" time="28.463" errors="0" timestamp="2023-08-05T12:32:23 IST" skipped="0">
  <testcase classname="testCaseBestBuy.TC_05_ValidateLinkInBottomOfHomePage" name="tc_05_validateLinkInBottomOfHomePage" time="28.463"/>
</testsuite> <!-- testCaseBestBuy.TC_05_ValidateLinkInBottomOfHomePage -->
